build/app/outputs/mapping/release/mapping.txt
# compiler: R8
# compiler_version: 1.5.64
# min_api: 16
# pg_map_id: 165c39d
...
io.flutter.embedding.engine.plugins.FlutterPlugin$FlutterAssets -> io.flutter.embedding.engine.g.a$a:
io.flutter.embedding.engine.plugins.FlutterPlugin$FlutterPluginBinding -> io.flutter.embedding.engine.g.a$b:
io.flutter.embedding.engine.plugins.PluginRegistry -> io.flutter.embedding.engine.g.b:
io.flutter.embedding.engine.plugins.activity.ActivityAware -> io.flutter.embedding.engine.g.c.a:
    void onAttachedToActivity(io.flutter.embedding.engine.plugins.activity.ActivityPluginBinding) -> a
    void onDetachedFromActivity() -> a
    void onDetachedFromActivityForConfigChanges() -> b
    void onReattachedToActivityForConfigChanges(io.flutter.embedding.engine.plugins.activity.ActivityPluginBinding) -> b
io.flutter.embedding.engine.plugins.activity.ActivityControlSurface -> io.flutter.embedding.engine.g.c.b:
    void attachToActivity(android.app.Activity,androidx.lifecycle.Lifecycle) -> a
    boolean onActivityResult(int,int,android.content.Intent) -> a
    void onNewIntent(android.content.Intent) -> a
    boolean onRequestPermissionsResult(int,java.lang.String[],int[]) -> a
    void onRestoreInstanceState(android.os.Bundle) -> a
    void onUserLeaveHint() -> a
    void detachFromActivityForConfigChanges() -> b
    void onSaveInstanceState(android.os.Bundle) -> b
    void detachFromActivity() -> c
io.flutter.embedding.engine.plugins.activity.ActivityPluginBinding -> io.flutter.embedding.engine.g.c.c:
io.flutter.embedding.engine.plugins.activity.ActivityPluginBinding$OnSaveInstanceStateListener -> io.flutter.embedding.engine.g.c.c$a:
    void onRestoreInstanceState(android.os.Bundle) -> a
    void onSaveInstanceState(android.os.Bundle) -> b
io.flutter.embedding.engine.plugins.broadcastreceiver.BroadcastReceiverAware -> io.flutter.embedding.engine.g.d.a:
    void onDetachedFromBroadcastReceiver() -> a
io.flutter.embedding.engine.plugins.broadcastreceiver.BroadcastReceiverControlSurface -> io.flutter.embedding.engine.g.d.b:
io.flutter.embedding.engine.plugins.contentprovider.ContentProviderAware -> io.flutter.embedding.engine.g.e.a:
    void onDetachedFromContentProvider() -> a
io.flutter.embedding.engine.plugins.contentprovider.ContentProviderControlSurface -> io.flutter.embedding.engine.g.e.b:
io.flutter.embedding.engine.plugins.service.ServiceAware -> io.flutter.embedding.engine.g.f.a:
    void onDetachedFromService() -> a
io.flutter.embedding.engine.plugins.service.ServiceControlSurface -> io.flutter.embedding.engine.g.f.b:
io.flutter.embedding.engine.renderer.FlutterRenderer -> io.flutter.embedding.engine.h.a:
    io.flutter.embedding.engine.FlutterJNI flutterJNI -> a
    java.util.concurrent.atomic.AtomicLong nextTextureId -> b
    android.view.Surface surface -> c
    io.flutter.embedding.engine.renderer.FlutterUiDisplayListener flutterUiDisplayListener -> e
    boolean isDisplayingFlutterUi -> d
    boolean access$002(io.flutter.embedding.engine.renderer.FlutterRenderer,boolean) -> a
    void access$300(io.flutter.embedding.engine.renderer.FlutterRenderer,long) -> a
    void addIsDisplayingFlutterUiListener(io.flutter.embedding.engine.renderer.FlutterUiDisplayListener) -> a
    io.flutter.view.TextureRegistry$SurfaceTextureEntry createSurfaceTexture() -> a
    void dispatchPointerDataPacket(java.nio.ByteBuffer,int) -> a
    void markTextureFrameAvailable(long) -> a
    void registerTexture(long,android.graphics.SurfaceTexture) -> a
    void setSemanticsEnabled(boolean) -> a
    void setViewportMetrics(io.flutter.embedding.engine.renderer.FlutterRenderer$ViewportMetrics) -> a
    void startRenderingToSurface(android.view.Surface) -> a
    void surfaceChanged(int,int) -> a
    void access$400(io.flutter.embedding.engine.renderer.FlutterRenderer,long) -> b
    boolean isDisplayingFlutterUi() -> b
    void removeIsDisplayingFlutterUiListener(io.flutter.embedding.engine.renderer.FlutterUiDisplayListener) -> b
    void unregisterTexture(long) -> b
    boolean isSoftwareRenderingEnabled() -> c